ImageSearch/app/build/outputs/logs/manifest-merger-debug-report.txt
-- Merging decision tree log ---
manifest
ADDED from src\main\AndroidManifest.xml:2:1-31:12
	xmlns:android
		ADDED from src\main\AndroidManifest.xml:2:11-69
	package
		ADDED from src\main\AndroidManifest.xml:3:5-50
		INJECTED from src\main\AndroidManifest.xml
		INJECTED from src\main\AndroidManifest.xml
	android:versionName
		INJECTED from src\main\AndroidManifest.xml
		INJECTED from src\main\AndroidManifest.xml
	android:versionCode
		INJECTED from src\main\AndroidManifest.xml
		INJECTED from src\main\AndroidManifest.xml
uses-permission#android.permission.INTERNET
ADDED from src\main\AndroidManifest.xml:5:5-67
	android:name
		ADDED from src\main\AndroidManifest.xml:5:22-64
application
ADDED from src\main\AndroidManifest.xml:7:5-29:19
MERGED from [com.android.support:appcompat-v7:23.1.0] AndroidManifest.xml:22:5-20
MERGED from [com.android.support:support-v4:23.1.0] AndroidManifest.xml:22:5-20
MERGED from [com.squareup.leakcanary:leakcanary-android:1.3.1] AndroidManifest.xml:27:5-49:19
	android:supportsRtl
		ADDED from src\main\AndroidManifest.xml:11:9-35
	android:label
		ADDED from src\main\AndroidManifest.xml:10:9-41
	android:allowBackup
		ADDED from src\main\AndroidManifest.xml:8:9-35
	android:icon
		ADDED from src\main\AndroidManifest.xml:9:9-57
	android:theme
		ADDED from src\main\AndroidManifest.xml:12:9-40
activity#com.github.ankitkumar23.imagesearch.ui.ImageGridActivity
ADDED from src\main\AndroidManifest.xml:13:9-25:20
	android:name
		ADDED from src\main\AndroidManifest.xml:13:19-55
	android:launchMode
		ADDED from src\main\AndroidManifest.xml:14:13-43
intent-filter#android.intent.action.MAIN+android.intent.category.LAUNCHER
ADDED from src\main\AndroidManifest.xml:15:13-19:29
action#android.intent.action.MAIN
ADDED from src\main\AndroidManifest.xml:16:17-69
	android:name
		ADDED from src\main\AndroidManifest.xml:16:25-66
category#android.intent.category.LAUNCHER
ADDED from src\main\AndroidManifest.xml:18:17-77
	android:name
		ADDED from src\main\AndroidManifest.xml:18:27-74
intent-filter#android.intent.action.SEARCH
ADDED from src\main\AndroidManifest.xml:20:13-22:29
action#android.intent.action.SEARCH
ADDED from src\main\AndroidManifest.xml:21:17-71
	android:name
		ADDED from src\main\AndroidManifest.xml:21:25-68
meta-data#android.app.searchable
ADDED from src\main\AndroidManifest.xml:23:13-24:54
	android:resource
		ADDED from src\main\AndroidManifest.xml:24:17-51
	android:name
		ADDED from src\main\AndroidManifest.xml:23:24-61
activity#com.github.ankitkumar23.imagesearch.ui.ImageDetailActivity
ADDED from src\main\AndroidManifest.xml:26:9-59
	android:name
		ADDED from src\main\AndroidManifest.xml:26:19-57
provider#com.github.ankitkumar23.imagesearch.provider.RecentQueryProvider
ADDED from src\main\AndroidManifest.xml:27:9-28:102
	android:authorities
		ADDED from src\main\AndroidManifest.xml:28:13-99
	android:name
		ADDED from src\main\AndroidManifest.xml:27:19-63
uses-sdk
INJECTED from src\main\AndroidManifest.xml reason: use-sdk injection requested
MERGED from [com.android.support:appcompat-v7:23.1.0] AndroidManifest.xml:20:5-43
MERGED from [com.android.support:support-v4:23.1.0] AndroidManifest.xml:20:5-43
MERGED from [com.squareup.leakcanary:leakcanary-android:1.3.1] AndroidManifest.xml:20:5-22:41
	android:targetSdkVersion
		INJECTED from src\main\AndroidManifest.xml
		INJECTED from src\main\AndroidManifest.xml
	android:minSdkVersion
		INJECTED from src\main\AndroidManifest.xml
		INJECTED from src\main\AndroidManifest.xml
uses-permission#android.permission.WRITE_EXTERNAL_STORAGE
ADDED from [com.squareup.leakcanary:leakcanary-android:1.3.1] AndroidManifest.xml:25:5-81
	android:name
		ADDED from [com.squareup.leakcanary:leakcanary-android:1.3.1] AndroidManifest.xml:25:22-78
service#com.squareup.leakcanary.internal.HeapAnalyzerService
ADDED from [com.squareup.leakcanary:leakcanary-android:1.3.1] AndroidManifest.xml:28:9-31:45
	android:process
		ADDED from [com.squareup.leakcanary:leakcanary-android:1.3.1] AndroidManifest.xml:31:13-42
	android:enabled
		ADDED from [com.squareup.leakcanary:leakcanary-android:1.3.1] AndroidManifest.xml:30:13-36
	android:name
		ADDED from [com.squareup.leakcanary:leakcanary-android:1.3.1] AndroidManifest.xml:29:13-80
service#com.squareup.leakcanary.DisplayLeakService
ADDED from [com.squareup.leakcanary:leakcanary-android:1.3.1] AndroidManifest.xml:32:9-34:39
	android:enabled
		ADDED from [com.squareup.leakcanary:leakcanary-android:1.3.1] AndroidManifest.xml:34:13-36
	android:name
		ADDED from [com.squareup.leakcanary:leakcanary-android:1.3.1] AndroidManifest.xml:33:13-70
activity#com.squareup.leakcanary.internal.DisplayLeakActivity
ADDED from [com.squareup.leakcanary:leakcanary-android:1.3.1] AndroidManifest.xml:36:9-48:20
	android:label
		ADDED from [com.squareup.leakcanary:leakcanary-android:1.3.1] AndroidManifest.xml:40:13-73
	android:icon
		ADDED from [com.squareup.leakcanary:leakcanary-android:1.3.1] AndroidManifest.xml:39:13-56
	android:theme
		ADDED from [com.squareup.leakcanary:leakcanary-android:1.3.1] AndroidManifest.xml:42:13-53
	android:enabled
		ADDED from [com.squareup.leakcanary:leakcanary-android:1.3.1] AndroidManifest.xml:38:13-36
	android:taskAffinity
		ADDED from [com.squareup.leakcanary:leakcanary-android:1.3.1] AndroidManifest.xml:41:13-59
	android:name
		ADDED from [com.squareup.leakcanary:leakcanary-android:1.3.1] AndroidManifest.xml:37:13-80
android:uses-permission#android.permission.READ_EXTERNAL_STORAGE
IMPLIED from src\main\AndroidManifest.xml:2:1-31:12 reason: com.squareup.leakcanary requested WRITE_EXTERNAL_STORAGE